\BOOKMARK [0][-]{Doc-Start}{Abstract}{}% 1
\BOOKMARK [0][-]{Doc-Start}{Acknowledgements}{}% 2
\BOOKMARK [0][-]{chapter.1}{Introduction}{}% 3
\BOOKMARK [1][-]{section.1.1}{Motivation and Objectives}{chapter.1}% 4
\BOOKMARK [1][-]{section.1.2}{Outline}{chapter.1}% 5
\BOOKMARK [1][-]{section.1.3}{Literature Reviews}{chapter.1}% 6
\BOOKMARK [2][-]{subsection.1.3.1}{Reduced Hough Transform for Ear Detection}{section.1.3}% 7
\BOOKMARK [2][-]{subsection.1.3.2}{Haar-like Features for Ear Detection}{section.1.3}% 8
\BOOKMARK [2][-]{subsection.1.3.3}{SIFT Point Matching for Ear Detection}{section.1.3}% 9
\BOOKMARK [2][-]{subsection.1.3.4}{Shaped Wavelets for Ear Detection}{section.1.3}% 10
\BOOKMARK [2][-]{subsection.1.3.5}{Active Contour for Ear Detection}{section.1.3}% 11
\BOOKMARK [2][-]{subsection.1.3.6}{Deep Convolutional Neural Network}{section.1.3}% 12
\BOOKMARK [2][-]{subsection.1.3.7}{Big Improvement on Object Detection}{section.1.3}% 13
\BOOKMARK [0][-]{chapter.2}{Methodology}{}% 14
\BOOKMARK [1][-]{section.2.1}{Object Proposal Methods}{chapter.2}% 15
\BOOKMARK [2][-]{subsection.2.1.1}{Selective Search}{section.2.1}% 16
\BOOKMARK [2][-]{subsection.2.1.2}{Edge Boxes}{section.2.1}% 17
\BOOKMARK [2][-]{subsection.2.1.3}{Binarized Normed Gradients \(BING\)}{section.2.1}% 18
\BOOKMARK [1][-]{section.2.2}{Deep Learning Method}{chapter.2}% 19
\BOOKMARK [2][-]{subsection.2.2.1}{Fast Region-based Convolutional Network \(Fast R-CNN\)}{section.2.2}% 20
\BOOKMARK [1][-]{section.2.3}{Database}{chapter.2}% 21
\BOOKMARK [0][-]{chapter.3}{Results}{}% 22
\BOOKMARK [1][-]{section.3.1}{Object Proposal Method Parameter Tuning}{chapter.3}% 23
\BOOKMARK [2][-]{subsection.3.1.1}{Selective Search}{section.3.1}% 24
\BOOKMARK [2][-]{subsection.3.1.2}{Edge Boxes Detector}{section.3.1}% 25
\BOOKMARK [2][-]{subsection.3.1.3}{BING}{section.3.1}% 26
\BOOKMARK [1][-]{section.3.2}{Time Usages}{chapter.3}% 27
\BOOKMARK [1][-]{section.3.3}{Detection Accuracy Measurement}{chapter.3}% 28
\BOOKMARK [2][-]{subsection.3.3.1}{Conditions for True and False Positive Detection}{section.3.3}% 29
\BOOKMARK [2][-]{subsection.3.3.2}{Gaussian Noise Distraction}{section.3.3}% 30
\BOOKMARK [2][-]{subsection.3.3.3}{The Use of Partial Occlusion}{section.3.3}% 31
\BOOKMARK [0][-]{chapter.4}{Discussion \046 Conclusion}{}% 32
\BOOKMARK [1][-]{section.4.1}{Summary of Project Achievements}{chapter.4}% 33
\BOOKMARK [1][-]{section.4.2}{Future Work}{chapter.4}% 34
\BOOKMARK [2][-]{subsection.4.2.1}{Real-time Detection}{section.4.2}% 35
\BOOKMARK [2][-]{subsection.4.2.2}{Specialised Object Proposal Method}{section.4.2}% 36
\BOOKMARK [2][-]{subsection.4.2.3}{Ear Biometrics}{section.4.2}% 37
\BOOKMARK [0][-]{Appendix.1.A}{Appendix Hardware \046 Software Specification}{}% 38
\BOOKMARK [0][-]{Appendix.1.B}{Appendix Several Screenshots}{}% 39
\BOOKMARK [0][-]{figure.caption.33}{Bibliography}{}% 40
